<?xml version="1.0" encoding="UTF-8"?>
<!-- Generated by org.testng.reporters.JUnitReportReporter -->
<testsuite skipped="0" hostname="RAMESHK8618" name="rameshshiva.Mavenjava.SeleniumTest" tests="2" failures="0" timestamp="2021-02-17T18:49:13 IST" time="0.000" errors="0">
  <testcase name="SeleniumTest2" time="0.000" classname="rameshshiva.Mavenjava.SeleniumTest"/>
  <system-out/>
  <testcase name="SeleniumTest1" time="0.000" classname="rameshshiva.Mavenjava.SeleniumTest"/>
  <system-out/>
</testsuite> <!-- rameshshiva.Mavenjava.SeleniumTest -->
