<?xml version="1.0" encoding="UTF-8"?>
<!-- Generated by org.testng.reporters.JUnitReportReporter -->
<testsuite skipped="0" hostname="RAMESHK8618" name="rameshshiva.Mavenjava.APITest" tests="2" failures="0" timestamp="2021-02-17T18:49:13 IST" time="0.016" errors="0">
  <testcase name="APITest1" time="0.016" classname="rameshshiva.Mavenjava.APITest"/>
  <system-out/>
  <testcase name="APITest2" time="0.000" classname="rameshshiva.Mavenjava.APITest"/>
  <system-out/>
</testsuite> <!-- rameshshiva.Mavenjava.APITest -->
