<?xml version="1.0" encoding="UTF-8"?>
<!-- Generated by org.testng.reporters.JUnitReportReporter -->
<testsuite skipped="0" hostname="RAMESHK8618" name="rameshshiva.Mavenjava.AppTest" tests="1" failures="0" timestamp="2021-02-17T18:49:13 IST" time="0.000" errors="0">
  <testcase name="testApp" time="0.000" classname="rameshshiva.Mavenjava.AppTest"/>
  <system-out/>
</testsuite> <!-- rameshshiva.Mavenjava.AppTest -->
